c:\facultate\ag\tema3-topologicsort\tema3-topologicsort\x64\debug\moc_mainwindow.obj
c:\facultate\ag\tema3-topologicsort\tema3-topologicsort\x64\debug\qrc_mainwindow.obj
c:\facultate\ag\tema3-topologicsort\tema3-topologicsort\x64\debug\vc143.pdb
c:\facultate\ag\tema3-topologicsort\tema3-topologicsort\x64\debug\mainwindow.obj
c:\facultate\ag\tema3-topologicsort\tema3-topologicsort\x64\debug\topologicsort.obj
c:\facultate\ag\tema3-topologicsort\tema3-topologicsort\x64\debug\main.obj
c:\facultate\ag\tema3-topologicsort\tema3-topologicsort\x64\debug\adjacencylist.obj
c:\facultate\ag\tema3-topologicsort\tema3-topologicsort\x64\debug\moc_topologicsort.obj
c:\facultate\ag\tema3-topologicsort\tema3-topologicsort\x64\debug\sorted.obj
c:\facultate\ag\tema3-topologicsort\tema3-topologicsort\x64\debug\moc_sorted.obj
c:\facultate\ag\tema3-topologicsort\x64\debug\tema3-topologicsort.exe
c:\facultate\ag\tema3-topologicsort\x64\debug\tema3-topologicsort.ilk
c:\facultate\ag\tema3-topologicsort\x64\debug\tema3-topologicsort.pdb
c:\facultate\ag\tema3-topologicsort\tema3-topologicsort\x64\debug\moc\moc_sorted.cpp
c:\facultate\ag\tema3-topologicsort\tema3-topologicsort\x64\debug\rcc\qrc_mainwindow.cpp
c:\facultate\ag\tema3-topologicsort\tema3-topologicsort\x64\debug\uic\ui_mainwindow.h
c:\facultate\ag\tema3-topologicsort\tema3-topologicsort\x64\debug\moc\moc_mainwindow.cpp
c:\facultate\ag\tema3-topologicsort\tema3-topologicsort\x64\debug\uic\ui_topologicsort.h
c:\facultate\ag\tema3-topologicsort\tema3-topologicsort\x64\debug\moc\moc_topologicsort.cpp
c:\facultate\ag\tema3-topologicsort\tema3-topologicsort\x64\debug\uic\ui_sorted.h
c:\facultate\ag\tema3-topologicsort\tema3-topologicsort\x64\debug\tema3-to.7bd8a453.tlog\cl.command.1.tlog
c:\facultate\ag\tema3-topologicsort\tema3-topologicsort\x64\debug\tema3-to.7bd8a453.tlog\cl.items.tlog
c:\facultate\ag\tema3-topologicsort\tema3-topologicsort\x64\debug\tema3-to.7bd8a453.tlog\cl.read.1.tlog
c:\facultate\ag\tema3-topologicsort\tema3-topologicsort\x64\debug\tema3-to.7bd8a453.tlog\cl.write.1.tlog
c:\facultate\ag\tema3-topologicsort\tema3-topologicsort\x64\debug\tema3-to.7bd8a453.tlog\link.command.1.tlog
c:\facultate\ag\tema3-topologicsort\tema3-topologicsort\x64\debug\tema3-to.7bd8a453.tlog\link.read.1.tlog
c:\facultate\ag\tema3-topologicsort\tema3-topologicsort\x64\debug\tema3-to.7bd8a453.tlog\link.write.1.tlog
c:\facultate\ag\tema3-topologicsort\tema3-topologicsort\x64\debug\tema3-to.7bd8a453.tlog\moc.read.1u.tlog
c:\facultate\ag\tema3-topologicsort\tema3-topologicsort\x64\debug\tema3-to.7bd8a453.tlog\moc.write.1u.tlog
c:\facultate\ag\tema3-topologicsort\tema3-topologicsort\x64\debug\tema3-to.7bd8a453.tlog\rcc.read.1u.tlog
c:\facultate\ag\tema3-topologicsort\tema3-topologicsort\x64\debug\tema3-to.7bd8a453.tlog\rcc.write.1u.tlog
c:\facultate\ag\tema3-topologicsort\tema3-topologicsort\x64\debug\tema3-to.7bd8a453.tlog\tema3-topologicsort.write.1u.tlog
c:\facultate\ag\tema3-topologicsort\tema3-topologicsort\x64\debug\tema3-to.7bd8a453.tlog\uic.read.1u.tlog
c:\facultate\ag\tema3-topologicsort\tema3-topologicsort\x64\debug\tema3-to.7bd8a453.tlog\uic.write.1u.tlog
